2025-05-25 13:48:30,551 [INFO] STATUS: Инициализация компонентов...
2025-05-25 13:48:32,120 [INFO] STATUS: Загрузка UI-модулей...
2025-05-25 13:48:33,677 [INFO] STATUS: Подготовка установщика...
2025-05-25 13:48:35,322 [INFO] STATUS: \u2705 Завершено.
2025-05-25 13:48:50,979 [INFO] Install Path: None
2025-05-25 15:02:30,523 [INFO] STATUS: Инициализация компонентов...
2025-05-25 15:02:32,068 [INFO] STATUS: Загрузка UI-модулей...
2025-05-25 15:02:33,627 [INFO] STATUS: Подготовка установщика...
2025-05-25 15:02:35,271 [INFO] STATUS: \u2705 Завершено.
2025-05-25 17:41:43,280 [INFO] STATUS: Инициализация компонентов...
2025-05-25 17:41:44,836 [INFO] STATUS: Загрузка UI-модулей...
2025-05-25 17:41:46,395 [INFO] STATUS: Подготовка установщика...
2025-05-25 17:41:48,032 [INFO] STATUS: \u2705 Завершено.
2025-05-25 17:42:23,526 [INFO] STATUS: Инициализация компонентов...
2025-05-25 17:42:25,103 [INFO] STATUS: Загрузка UI-модулей...
2025-05-25 17:42:26,658 [INFO] STATUS: Подготовка установщика...
2025-05-25 17:42:28,301 [INFO] STATUS: \u2705 Завершено.
2025-05-25 17:48:48,180 [INFO] STATUS: Инициализация компонентов...
2025-05-25 17:48:49,732 [INFO] STATUS: Загрузка UI-модулей...
2025-05-25 17:48:51,290 [INFO] STATUS: Подготовка установщика...
2025-05-25 17:48:52,934 [INFO] STATUS: \u2705 Завершено.
2025-05-25 17:49:17,598 [INFO] STATUS: Инициализация компонентов...
2025-05-25 17:49:19,151 [INFO] STATUS: Загрузка UI-модулей...
2025-05-25 17:49:20,709 [INFO] STATUS: Подготовка установщика...
2025-05-25 17:49:22,362 [INFO] STATUS: \u2705 Завершено.
2025-05-25 17:50:27,790 [INFO] STATUS: Инициализация компонентов...
2025-05-25 17:50:29,362 [INFO] STATUS: Загрузка UI-модулей...
2025-05-25 17:50:30,914 [INFO] STATUS: Подготовка установщика...
2025-05-25 17:50:32,556 [INFO] STATUS: \u2705 Завершено.
2025-05-25 17:50:52,512 [INFO] Install Path: None
2025-05-25 17:51:29,481 [INFO] STATUS: Инициализация компонентов...
2025-05-25 17:51:31,043 [INFO] STATUS: Загрузка UI-модулей...
2025-05-25 17:51:32,599 [INFO] STATUS: Подготовка установщика...
2025-05-25 17:51:34,244 [INFO] STATUS: \u2705 Завершено.
2025-05-25 17:51:42,992 [INFO] Install Path: None
2025-05-25 17:56:57,300 [INFO] STATUS: Инициализация компонентов...
2025-05-25 17:56:58,849 [INFO] STATUS: Загрузка UI-модулей...
2025-05-25 17:57:00,410 [INFO] STATUS: Подготовка установщика...
2025-05-25 17:57:02,052 [INFO] STATUS: \u2705 Завершено.
2025-05-25 17:57:16,136 [INFO] Install Path: None
2025-05-25 18:07:10,846 [INFO] STATUS: Инициализация компонентов...
2025-05-25 18:07:12,404 [INFO] STATUS: Загрузка UI-модулей...
2025-05-25 18:07:13,961 [INFO] STATUS: Подготовка установщика...
2025-05-25 18:07:15,610 [INFO] STATUS: \u2705 Завершено.
2025-05-25 18:07:30,516 [INFO] Install Path: None
2025-05-25 18:13:06,339 [INFO] STATUS: Инициализация компонентов...
2025-05-25 18:13:07,903 [INFO] STATUS: Загрузка UI-модулей...
2025-05-25 18:13:09,462 [INFO] STATUS: Подготовка установщика...
2025-05-25 18:13:11,107 [INFO] STATUS: \u2705 Завершено.
2025-05-25 18:13:28,020 [INFO] STATUS: Инициализация компонентов...
2025-05-25 18:13:29,582 [INFO] STATUS: Загрузка UI-модулей...
2025-05-25 18:13:31,139 [INFO] STATUS: Подготовка установщика...
2025-05-25 18:13:32,781 [INFO] STATUS: \u2705 Завершено.
2025-05-25 18:14:07,748 [INFO] STATUS: Инициализация компонентов...
2025-05-25 18:14:09,301 [INFO] STATUS: Загрузка UI-модулей...
2025-05-25 18:14:10,861 [INFO] STATUS: Подготовка установщика...
2025-05-25 18:14:12,500 [INFO] STATUS: \u2705 Завершено.
2025-05-25 18:18:52,414 [INFO] STATUS: Инициализация компонентов...
2025-05-25 18:18:53,971 [INFO] STATUS: Загрузка UI-модулей...
2025-05-25 18:18:55,526 [INFO] STATUS: Подготовка установщика...
2025-05-25 18:18:57,173 [INFO] STATUS: \u2705 Завершено.
2025-05-25 18:33:23,122 [INFO] STATUS: Инициализация компонентов...
2025-05-25 18:33:24,682 [INFO] STATUS: Загрузка UI-модулей...
2025-05-25 18:33:26,240 [INFO] STATUS: Подготовка установщика...
2025-05-25 18:33:27,883 [INFO] STATUS: \u2705 Завершено.
2025-05-25 18:37:02,659 [INFO] STATUS: Инициализация компонентов...
2025-05-25 18:37:04,228 [INFO] STATUS: Загрузка UI-модулей...
2025-05-25 18:37:05,787 [INFO] STATUS: Подготовка установщика...
2025-05-25 18:37:07,431 [INFO] STATUS: \u2705 Завершено.
2025-05-25 18:40:41,114 [INFO] STATUS: Инициализация компонентов...
2025-05-25 18:40:42,681 [INFO] STATUS: Загрузка UI-модулей...
2025-05-25 18:40:44,244 [INFO] STATUS: Подготовка установщика...
2025-05-25 18:40:45,892 [INFO] STATUS: \u2705 Завершено.
2025-05-25 18:44:51,303 [INFO] STATUS: Инициализация компонентов...
2025-05-25 18:44:52,892 [INFO] STATUS: Загрузка UI-модулей...
2025-05-25 18:44:54,454 [INFO] STATUS: Подготовка установщика...
2025-05-25 18:44:56,096 [INFO] STATUS: \u2705 Завершено.
2025-05-25 18:45:02,576 [INFO] Установка: c:\Users\Айтеке\Desktop\SoftwareInstaller\builds\kassawrapper.zip -> D:/Program Files
2025-05-25 18:45:02,577 [ERROR] [WinError 5] Отказано в доступе: 'D:/Program Files\\kassawrapper'
Traceback (most recent call last):
  File "c:\Users\Айтеке\Desktop\SoftwareInstaller\installer_core\installer.py", line 153, in install
    os.makedirs(parent_dir, exist_ok=True)
  File "C:\Users\Айтеке\AppData\Local\Programs\Python\Python310\lib\os.py", line 225, in makedirs
    mkdir(name, mode)
PermissionError: [WinError 5] Отказано в доступе: 'D:/Program Files\\kassawrapper'
2025-05-25 18:45:02,578 [INFO] Начат откат установки
2025-05-25 18:45:02,578 [INFO] Откат завершён
2025-05-25 18:48:06,285 [INFO] STATUS: Инициализация компонентов...
2025-05-25 18:48:07,837 [INFO] STATUS: Загрузка UI-модулей...
2025-05-25 18:48:09,396 [INFO] STATUS: Подготовка установщика...
2025-05-25 18:48:11,054 [INFO] STATUS: \u2705 Завершено.
2025-05-25 18:48:15,752 [INFO] Установка: c:\Users\Айтеке\Desktop\SoftwareInstaller\builds\kassawrapper.zip -> D:/Program Files
2025-05-25 18:48:15,754 [ERROR] [WinError 5] Отказано в доступе: 'D:/Program Files\\kassawrapper'
Traceback (most recent call last):
  File "c:\Users\Айтеке\Desktop\SoftwareInstaller\installer_core\installer.py", line 154, in install
    os.makedirs(parent_dir, exist_ok=True)
  File "C:\Users\Айтеке\AppData\Local\Programs\Python\Python310\lib\os.py", line 225, in makedirs
    mkdir(name, mode)
PermissionError: [WinError 5] Отказано в доступе: 'D:/Program Files\\kassawrapper'
2025-05-25 18:48:15,754 [INFO] Начат откат установки
2025-05-25 18:48:15,754 [INFO] Откат завершён
2025-05-25 18:53:45,540 [INFO] STATUS: Инициализация компонентов...
2025-05-25 18:53:47,097 [INFO] STATUS: Загрузка UI-модулей...
2025-05-25 18:53:48,663 [INFO] STATUS: Подготовка установщика...
2025-05-25 18:53:50,297 [INFO] STATUS: \u2705 Завершено.
2025-05-25 18:53:55,143 [INFO] Установка: c:\Users\Айтеке\Desktop\SoftwareInstaller\builds\kassawrapper.zip -> D:/
2025-05-25 18:53:55,965 [INFO] Install Path: None
2025-05-25 19:13:51,706 [INFO] STATUS: Инициализация компонентов...
2025-05-25 19:13:53,275 [INFO] STATUS: Загрузка UI-модулей...
2025-05-25 19:13:54,830 [INFO] STATUS: Подготовка установщика...
2025-05-25 19:13:56,478 [INFO] STATUS: \u2705 Завершено.
2025-05-25 19:14:05,131 [INFO] Установка: c:\Users\Айтеке\Desktop\SoftwareInstaller\builds\kassawrapper.zip -> D:/Program Files
2025-05-25 19:14:05,132 [ERROR] [WinError 5] Отказано в доступе: 'D:\\Program Files\\kassawrapper'
Traceback (most recent call last):
  File "c:\Users\Айтеке\Desktop\SoftwareInstaller\installer_core\installer.py", line 140, in install
    zip_ref.extract(member, self.install_dir)
  File "C:\Users\Айтеке\AppData\Local\Programs\Python\Python310\lib\zipfile.py", line 1628, in extract
    return self._extract_member(member, path, pwd)
  File "C:\Users\Айтеке\AppData\Local\Programs\Python\Python310\lib\zipfile.py", line 1695, in _extract_member
    os.mkdir(targetpath)
PermissionError: [WinError 5] Отказано в доступе: 'D:\\Program Files\\kassawrapper'
2025-05-25 19:18:14,468 [INFO] STATUS: Инициализация компонентов...
2025-05-25 19:18:16,026 [INFO] STATUS: Загрузка UI-модулей...
2025-05-25 19:18:17,587 [INFO] STATUS: Подготовка установщика...
2025-05-25 19:18:19,230 [INFO] STATUS: \u2705 Завершено.
2025-05-25 19:18:26,971 [INFO] Установка: c:\Users\Айтеке\Desktop\SoftwareInstaller\builds\kassawrapper.zip -> D:/Program Files
2025-05-25 19:18:26,973 [ERROR] [WinError 5] Отказано в доступе: 'D:\\Program Files\\kassawrapper'
Traceback (most recent call last):
  File "c:\Users\Айтеке\Desktop\SoftwareInstaller\installer_core\installer.py", line 140, in install
    zip_ref.extract(member, self.install_dir)
  File "C:\Users\Айтеке\AppData\Local\Programs\Python\Python310\lib\zipfile.py", line 1628, in extract
    return self._extract_member(member, path, pwd)
  File "C:\Users\Айтеке\AppData\Local\Programs\Python\Python310\lib\zipfile.py", line 1695, in _extract_member
    os.mkdir(targetpath)
PermissionError: [WinError 5] Отказано в доступе: 'D:\\Program Files\\kassawrapper'
2025-05-25 19:18:26,974 [ERROR] Ошибка при откате установки: [WinError 5] Отказано в доступе: 'D:/Program Files\\Bandicam\\bandicam.ini'
2025-05-25 19:22:04,488 [INFO] STATUS: Инициализация компонентов...
2025-05-25 19:22:06,071 [INFO] STATUS: Загрузка UI-модулей...
2025-05-25 19:22:07,631 [INFO] STATUS: Подготовка установщика...
2025-05-25 19:22:09,277 [INFO] STATUS: \u2705 Завершено.
2025-05-25 19:22:14,596 [INFO] Установка: C:\Users\Айтеке\Desktop\SoftwareInstaller\builds\kassawrapper.zip -> D:/
2025-05-25 19:22:14,599 [INFO] Установлен файл: D:/kassawrapper/
2025-05-25 19:22:14,601 [INFO] Установлен файл: D:/kassawrapper/data/
2025-05-25 19:22:14,699 [INFO] Установлен файл: D:/kassawrapper/data/app.so
2025-05-25 19:22:14,701 [INFO] Установлен файл: D:/kassawrapper/data/flutter_assets/
2025-05-25 19:22:14,702 [INFO] Установлен файл: D:/kassawrapper/data/flutter_assets/AssetManifest.bin
2025-05-25 19:22:14,704 [INFO] Установлен файл: D:/kassawrapper/data/flutter_assets/AssetManifest.json
2025-05-25 19:22:14,707 [INFO] Установлен файл: D:/kassawrapper/data/flutter_assets/FontManifest.json
2025-05-25 19:22:14,709 [INFO] Установлен файл: D:/kassawrapper/data/flutter_assets/fonts/
2025-05-25 19:22:14,745 [INFO] Установлен файл: D:/kassawrapper/data/flutter_assets/fonts/MaterialIcons-Regular.otf
2025-05-25 19:22:14,747 [INFO] Установлен файл: D:/kassawrapper/data/flutter_assets/NativeAssetsManifest.json
2025-05-25 19:22:14,751 [INFO] Установлен файл: D:/kassawrapper/data/flutter_assets/NOTICES.Z
2025-05-25 19:22:14,755 [INFO] Установлен файл: D:/kassawrapper/data/flutter_assets/packages/
2025-05-25 19:22:14,758 [INFO] Установлен файл: D:/kassawrapper/data/flutter_assets/packages/cupertino_icons/
2025-05-25 19:22:14,762 [INFO] Установлен файл: D:/kassawrapper/data/flutter_assets/packages/cupertino_icons/assets/
2025-05-25 19:22:14,770 [INFO] Установлен файл: D:/kassawrapper/data/flutter_assets/packages/cupertino_icons/assets/CupertinoIcons.ttf
2025-05-25 19:22:14,772 [INFO] Установлен файл: D:/kassawrapper/data/flutter_assets/shaders/
2025-05-25 19:22:14,773 [INFO] Установлен файл: D:/kassawrapper/data/flutter_assets/shaders/ink_sparkle.frag
2025-05-25 19:22:14,799 [INFO] Установлен файл: D:/kassawrapper/data/icudtl.dat
2025-05-25 19:22:15,293 [INFO] Установлен файл: D:/kassawrapper/flutter_windows.dll
2025-05-25 19:22:15,298 [INFO] Установлен файл: D:/kassawrapper/kassawrapper.exe
2025-05-25 19:22:15,300 [WARNING] EXE-файл не найден для ярлыка: D:/KassaWrapper.exe
2025-05-25 19:22:16,125 [INFO] Install Path: None
2025-05-25 19:27:28,380 [INFO] STATUS: Инициализация компонентов...
2025-05-25 19:27:29,949 [INFO] STATUS: Загрузка UI-модулей...
2025-05-25 19:27:31,519 [INFO] STATUS: Подготовка установщика...
2025-05-25 19:27:33,162 [INFO] STATUS: \u2705 Завершено.
2025-05-25 19:27:46,699 [INFO] Установка: c:\Users\Айтеке\Desktop\SoftwareInstaller\builds\kassawrapper.zip -> D:/
2025-05-25 19:27:46,703 [INFO] Установлен файл: D:/kassawrapper/
2025-05-25 19:27:46,707 [INFO] Установлен файл: D:/kassawrapper/data/
2025-05-25 19:27:46,804 [INFO] Установлен файл: D:/kassawrapper/data/app.so
2025-05-25 19:27:46,805 [INFO] Установлен файл: D:/kassawrapper/data/flutter_assets/
2025-05-25 19:27:46,806 [INFO] Установлен файл: D:/kassawrapper/data/flutter_assets/AssetManifest.bin
2025-05-25 19:27:46,808 [INFO] Установлен файл: D:/kassawrapper/data/flutter_assets/AssetManifest.json
2025-05-25 19:27:46,809 [INFO] Установлен файл: D:/kassawrapper/data/flutter_assets/FontManifest.json
2025-05-25 19:27:46,809 [INFO] Установлен файл: D:/kassawrapper/data/flutter_assets/fonts/
2025-05-25 19:27:46,845 [INFO] Установлен файл: D:/kassawrapper/data/flutter_assets/fonts/MaterialIcons-Regular.otf
2025-05-25 19:27:46,847 [INFO] Установлен файл: D:/kassawrapper/data/flutter_assets/NativeAssetsManifest.json
2025-05-25 19:27:46,851 [INFO] Установлен файл: D:/kassawrapper/data/flutter_assets/NOTICES.Z
2025-05-25 19:27:46,852 [INFO] Установлен файл: D:/kassawrapper/data/flutter_assets/packages/
2025-05-25 19:27:46,853 [INFO] Установлен файл: D:/kassawrapper/data/flutter_assets/packages/cupertino_icons/
2025-05-25 19:27:46,853 [INFO] Установлен файл: D:/kassawrapper/data/flutter_assets/packages/cupertino_icons/assets/
2025-05-25 19:27:46,860 [INFO] Установлен файл: D:/kassawrapper/data/flutter_assets/packages/cupertino_icons/assets/CupertinoIcons.ttf
2025-05-25 19:27:46,863 [INFO] Установлен файл: D:/kassawrapper/data/flutter_assets/shaders/
2025-05-25 19:27:46,864 [INFO] Установлен файл: D:/kassawrapper/data/flutter_assets/shaders/ink_sparkle.frag
2025-05-25 19:27:46,889 [INFO] Установлен файл: D:/kassawrapper/data/icudtl.dat
2025-05-25 19:27:47,385 [INFO] Установлен файл: D:/kassawrapper/flutter_windows.dll
2025-05-25 19:27:47,388 [INFO] Установлен файл: D:/kassawrapper/kassawrapper.exe
2025-05-25 19:27:47,390 [WARNING] EXE-файл не найден для ярлыка: D:/KassaWrapper.exe
2025-05-25 19:27:48,226 [INFO] Install Path: None
2025-05-25 19:30:22,687 [INFO] STATUS: Инициализация компонентов...
2025-05-25 19:30:24,246 [INFO] STATUS: Загрузка UI-модулей...
2025-05-25 19:30:25,799 [INFO] STATUS: Подготовка установщика...
2025-05-25 19:30:27,440 [INFO] STATUS: \u2705 Завершено.
2025-05-25 19:30:37,827 [INFO] Установка: c:\Users\Айтеке\Desktop\SoftwareInstaller\builds\kassawrapper.zip -> D:/
2025-05-25 19:30:37,830 [INFO] Установлен файл: D:/kassawrapper/
2025-05-25 19:30:37,832 [INFO] Установлен файл: D:/kassawrapper/data/
2025-05-25 19:30:37,931 [INFO] Установлен файл: D:/kassawrapper/data/app.so
2025-05-25 19:30:37,932 [INFO] Установлен файл: D:/kassawrapper/data/flutter_assets/
2025-05-25 19:30:37,934 [INFO] Установлен файл: D:/kassawrapper/data/flutter_assets/AssetManifest.bin
2025-05-25 19:30:37,935 [INFO] Установлен файл: D:/kassawrapper/data/flutter_assets/AssetManifest.json
2025-05-25 19:30:37,936 [INFO] Установлен файл: D:/kassawrapper/data/flutter_assets/FontManifest.json
2025-05-25 19:30:37,937 [INFO] Установлен файл: D:/kassawrapper/data/flutter_assets/fonts/
2025-05-25 19:30:37,973 [INFO] Установлен файл: D:/kassawrapper/data/flutter_assets/fonts/MaterialIcons-Regular.otf
2025-05-25 19:30:37,975 [INFO] Установлен файл: D:/kassawrapper/data/flutter_assets/NativeAssetsManifest.json
2025-05-25 19:30:37,979 [INFO] Установлен файл: D:/kassawrapper/data/flutter_assets/NOTICES.Z
2025-05-25 19:30:37,980 [INFO] Установлен файл: D:/kassawrapper/data/flutter_assets/packages/
2025-05-25 19:30:37,981 [INFO] Установлен файл: D:/kassawrapper/data/flutter_assets/packages/cupertino_icons/
2025-05-25 19:30:37,982 [INFO] Установлен файл: D:/kassawrapper/data/flutter_assets/packages/cupertino_icons/assets/
2025-05-25 19:30:37,989 [INFO] Установлен файл: D:/kassawrapper/data/flutter_assets/packages/cupertino_icons/assets/CupertinoIcons.ttf
2025-05-25 19:30:37,991 [INFO] Установлен файл: D:/kassawrapper/data/flutter_assets/shaders/
2025-05-25 19:30:37,992 [INFO] Установлен файл: D:/kassawrapper/data/flutter_assets/shaders/ink_sparkle.frag
2025-05-25 19:30:38,016 [INFO] Установлен файл: D:/kassawrapper/data/icudtl.dat
2025-05-25 19:30:38,514 [INFO] Установлен файл: D:/kassawrapper/flutter_windows.dll
2025-05-25 19:30:38,518 [INFO] Установлен файл: D:/kassawrapper/kassawrapper.exe
2025-05-25 19:30:38,523 [WARNING] EXE-файл не найден для ярлыка: D:/KassaWrapper.exe
2025-05-25 19:30:39,359 [INFO] Install Path: None
